<?xml version="1.0" encoding="UTF-8"?>
<!-- Generated by org.testng.reporters.JUnitReportReporter -->
<testsuite hostname="LAPTOP-7PGIPD6C" name="TestCases.Homepage" tests="1" failures="0" timestamp="7 Jun 2022 15:20:02 GMT" time="42.827" errors="0">
  <testcase name="basepagenavigate" time="42.827" classname="TestCases.Homepage"/>
</testsuite> <!-- TestCases.Homepage -->
