<?xml version="1.0" encoding="UTF-8"?>
<!-- Generated by org.testng.reporters.JUnitReportReporter -->
<testsuite hostname="LAPTOP-7PGIPD6C" name="TestCases.ValidateTitle" tests="1" failures="0" timestamp="8 Jun 2022 04:00:13 GMT" time="25.249" errors="0">
  <testcase name="basepagenavigate" time="25.249" classname="TestCases.ValidateTitle"/>
</testsuite> <!-- TestCases.ValidateTitle -->
